11:57:12 **** Incremental Build of configuration gcc-release for project veins ****
make MODE=release -j22 all 
make[1]: Entering directory '/home/suraj/Downloads/Simulation/veins-5.2/src'
MSGC: veins/modules/application/traci/TraCIDemo11pMessage.msg
veins/modules/application/DoS/AttackSim.cc
veins/modules/application/traci/AttackApp.cc
veins/modules/application/traci/MyVeinsApp.cc
veins/modules/application/traci/TargetApp.cc
veins/modules/application/traci/TraCIDemo11p.cc
veins/modules/application/traci/TraCIDemoRSU11p.cc
veins/modules/application/traci/TraCIDemo11pMessage_m.cc
Creating shared library: ../out/gcc-release/src/libveins.so
make[1]: Leaving directory '/home/suraj/Downloads/Simulation/veins-5.2/src'
12:00:45 **** Incremental Build of configuration gcc-release for project veins ****
make MODE=release -j22 all 
make[1]: Entering directory '/home/suraj/Downloads/Simulation/veins-5.2/src'
veins/base/modules/BaseMacLayer.cc
veins/base/modules/BaseMobility.cc
veins/base/phyLayer/BaseDecider.cc
veins/base/phyLayer/BasePhyLayer.cc
veins/base/phyLayer/ChannelInfo.cc
veins/base/phyLayer/PhyUtils.cc
veins/base/toolbox/SignalUtils.cc
veins/modules/analogueModel/BreakpointPathlossModel.cc
veins/modules/analogueModel/NakagamiFading.cc
veins/modules/analogueModel/PERModel.cc
veins/modules/analogueModel/SimpleObstacleShadowing.cc
veins/modules/analogueModel/SimplePathlossModel.cc
veins/modules/analogueModel/TwoRayInterferenceModel.cc
veins/modules/analogueModel/VehicleObstacleShadowing.cc
veins/modules/application/ieee80211p/DemoBaseApplLayer.cc
veins/modules/application/traci/AttackApp.cc
veins/modules/application/traci/DistanceMeasure.cc
veins/modules/application/traci/TargetApp.cc
veins/modules/mac/ieee80211p/Mac1609_4.cc
veins/modules/phy/Decider80211p.cc
veins/modules/phy/PhyLayer80211p.cc
veins/common_m.cc
veins/base/messages/AirFrame_m.cc
veins/base/messages/BorderMsg_m.cc
veins/base/messages/MacPkt_m.cc
veins/base/toolbox/Signal_m.cc
veins/base/utils/Coord_m.cc
veins/base/utils/POA_m.cc
veins/base/utils/SimpleAddress_m.cc
veins/modules/application/traci/TargetApp.cc: In member function ‘virtual void veins::TargetApp::onWSM(veins::BaseFrame1609_4*)’:
veins/modules/application/traci/TargetApp.cc:61:12: error: ‘simtime’ was not declared in this scope; did you mean ‘SimTime’?
   61 |         if(simtime()>=persistattackstart && strcmp(AttackerID, "h0") == 0 && atackcount<1){
      |            ^~~~~~~
      |            SimTime
veins/modules/application/traci/DistanceMeasureApp_m.cc
veins/modules/application/traci/MyVeinsAppMessage_m.cc
make[1]: *** [Makefile:282: ../out/gcc-release/src/veins/modules/application/traci/TargetApp.o] Error 1
make[1]: *** Waiting for unfinished jobs....
veins/modules/application/traci/TraCIDemo11pRSUMessage_m.cc
make[1]: Leaving directory '/home/suraj/Downloads/Simulation/veins-5.2/src'
make: *** [Makefile:36: all] Error 2
"make MODE=release -j22 all" terminated with exit code 2. Build might be incomplete.
12:01:16 **** Incremental Build of configuration gcc-release for project veins ****
make MODE=release -j22 all 
make[1]: Entering directory '/home/suraj/Downloads/Simulation/veins-5.2/src'
veins/modules/application/traci/TargetApp.cc
veins/modules/messages/AirFrame11p_m.cc
veins/modules/messages/BaseFrame1609_4_m.cc
veins/modules/messages/DemoSafetyMessage_m.cc
veins/modules/messages/DemoServiceAdvertisement_m.cc
veins/modules/messages/Mac80211Ack_m.cc
veins/modules/messages/Mac80211Pkt_m.cc
Creating shared library: ../out/gcc-release/src/libveins.so
make[1]: Leaving directory '/home/suraj/Downloads/Simulation/veins-5.2/src'
12:07:45 **** Incremental Build of configuration gcc-release for project veins ****
make MODE=release -j22 all 
make[1]: Entering directory '/home/suraj/Downloads/Simulation/veins-5.2/src'
veins/modules/application/traci/TargetApp.cc
Creating shared library: ../out/gcc-release/src/libveins.so
make[1]: Leaving directory '/home/suraj/Downloads/Simulation/veins-5.2/src'
12:10:05 **** Incremental Build of configuration gcc-release for project veins ****
make MODE=release -j22 all 
make[1]: Entering directory '/home/suraj/Downloads/Simulation/veins-5.2/src'
veins/modules/application/traci/TargetApp.cc
Creating shared library: ../out/gcc-release/src/libveins.so
make[1]: Leaving directory '/home/suraj/Downloads/Simulation/veins-5.2/src'
12:15:39 **** Incremental Build of configuration gcc-release for project veins ****
make MODE=release -j22 all 
make[1]: Entering directory '/home/suraj/Downloads/Simulation/veins-5.2/src'
veins/modules/application/traci/TargetApp.cc
Creating shared library: ../out/gcc-release/src/libveins.so
make[1]: Leaving directory '/home/suraj/Downloads/Simulation/veins-5.2/src'
12:18:12 **** Incremental Build of configuration gcc-release for project veins ****
make MODE=release -j22 all 
make[1]: Entering directory '/home/suraj/Downloads/Simulation/veins-5.2/src'
veins/modules/application/traci/TargetApp.cc
Creating shared library: ../out/gcc-release/src/libveins.so
make[1]: Leaving directory '/home/suraj/Downloads/Simulation/veins-5.2/src'
12:20:49 **** Incremental Build of configuration gcc-release for project veins ****
make MODE=release -j22 all 
make[1]: Entering directory '/home/suraj/Downloads/Simulation/veins-5.2/src'
veins/modules/application/traci/TargetApp.cc
Creating shared library: ../out/gcc-release/src/libveins.so
make[1]: Leaving directory '/home/suraj/Downloads/Simulation/veins-5.2/src'
12:23:12 **** Incremental Build of configuration gcc-release for project veins ****
make MODE=release -j22 all 
make[1]: Entering directory '/home/suraj/Downloads/Simulation/veins-5.2/src'
veins/modules/application/traci/TargetApp.cc
Creating shared library: ../out/gcc-release/src/libveins.so
make[1]: Leaving directory '/home/suraj/Downloads/Simulation/veins-5.2/src'
12:25:49 **** Incremental Build of configuration gcc-release for project veins ****
make MODE=release -j22 all 
make[1]: Entering directory '/home/suraj/Downloads/Simulation/veins-5.2/src'
veins/modules/application/traci/TargetApp.cc
Creating shared library: ../out/gcc-release/src/libveins.so
make[1]: Leaving directory '/home/suraj/Downloads/Simulation/veins-5.2/src'
12:34:18 **** Incremental Build of configuration gcc-release for project veins ****
make MODE=release -j22 all 
make[1]: Entering directory '/home/suraj/Downloads/Simulation/veins-5.2/src'
veins/modules/application/traci/TargetApp.cc
Creating shared library: ../out/gcc-release/src/libveins.so
make[1]: Leaving directory '/home/suraj/Downloads/Simulation/veins-5.2/src'
12:36:30 **** Incremental Build of configuration gcc-release for project veins ****
make MODE=release -j22 all 
make[1]: Entering directory '/home/suraj/Downloads/Simulation/veins-5.2/src'
veins/modules/application/traci/TargetApp.cc
Creating shared library: ../out/gcc-release/src/libveins.so
make[1]: Leaving directory '/home/suraj/Downloads/Simulation/veins-5.2/src'
12:39:55 **** Incremental Build of configuration gcc-release for project veins ****
make MODE=release -j22 all 
make[1]: Entering directory '/home/suraj/Downloads/Simulation/veins-5.2/src'
veins/modules/application/traci/TargetApp.cc
Creating shared library: ../out/gcc-release/src/libveins.so
make[1]: Leaving directory '/home/suraj/Downloads/Simulation/veins-5.2/src'
12:43:35 **** Incremental Build of configuration gcc-release for project veins ****
make MODE=release -j22 all 
make[1]: Entering directory '/home/suraj/Downloads/Simulation/veins-5.2/src'
veins/modules/application/traci/TargetApp.cc
Creating shared library: ../out/gcc-release/src/libveins.so
make[1]: Leaving directory '/home/suraj/Downloads/Simulation/veins-5.2/src'
12:47:02 **** Incremental Build of configuration gcc-release for project veins ****
make MODE=release -j22 all 
make[1]: Entering directory '/home/suraj/Downloads/Simulation/veins-5.2/src'
veins/modules/application/traci/TargetApp.cc
Creating shared library: ../out/gcc-release/src/libveins.so
make[1]: Leaving directory '/home/suraj/Downloads/Simulation/veins-5.2/src'
12:48:59 **** Incremental Build of configuration gcc-release for project veins ****
make MODE=release -j22 all 
make[1]: Entering directory '/home/suraj/Downloads/Simulation/veins-5.2/src'
veins/modules/application/traci/TargetApp.cc
Creating shared library: ../out/gcc-release/src/libveins.so
make[1]: Leaving directory '/home/suraj/Downloads/Simulation/veins-5.2/src'
12:50:56 **** Incremental Build of configuration gcc-release for project veins ****
make MODE=release -j22 all 
make[1]: Entering directory '/home/suraj/Downloads/Simulation/veins-5.2/src'
veins/modules/application/traci/TargetApp.cc
Creating shared library: ../out/gcc-release/src/libveins.so
make[1]: Leaving directory '/home/suraj/Downloads/Simulation/veins-5.2/src'
12:53:59 **** Incremental Build of configuration gcc-release for project veins ****
make MODE=release -j22 all 
make[1]: Entering directory '/home/suraj/Downloads/Simulation/veins-5.2/src'
veins/modules/application/traci/TargetApp.cc
Creating shared library: ../out/gcc-release/src/libveins.so
make[1]: Leaving directory '/home/suraj/Downloads/Simulation/veins-5.2/src'
12:58:02 **** Incremental Build of configuration gcc-release for project veins ****
make MODE=release -j22 all 
make[1]: Entering directory '/home/suraj/Downloads/Simulation/veins-5.2/src'
veins/modules/application/traci/TargetApp.cc
Creating shared library: ../out/gcc-release/src/libveins.so
make[1]: Leaving directory '/home/suraj/Downloads/Simulation/veins-5.2/src'
12:59:01 **** Incremental Build of configuration gcc-release for project veins ****
make MODE=release -j22 all 
make[1]: Entering directory '/home/suraj/Downloads/Simulation/veins-5.2/src'
veins/modules/application/traci/TargetApp.cc
Creating shared library: ../out/gcc-release/src/libveins.so
make[1]: Leaving directory '/home/suraj/Downloads/Simulation/veins-5.2/src'
12:59:51 **** Incremental Build of configuration gcc-release for project veins ****
make MODE=release -j22 all 
make[1]: Entering directory '/home/suraj/Downloads/Simulation/veins-5.2/src'
veins/modules/application/traci/TargetApp.cc
Creating shared library: ../out/gcc-release/src/libveins.so
make[1]: Leaving directory '/home/suraj/Downloads/Simulation/veins-5.2/src'
13:25:11 **** Incremental Build of configuration gcc-release for project veins ****
make MODE=release -j22 all 
make[1]: Entering directory '/home/suraj/Downloads/Simulation/veins-5.2/src'
veins/modules/application/DoS/AttackSim.cc
veins/modules/application/ieee80211p/DemoBaseApplLayer.cc
veins/modules/application/traci/AttackApp.cc
veins/modules/application/traci/DistanceMeasure.cc
veins/modules/application/traci/MyVeinsApp.cc
veins/modules/application/traci/TargetApp.cc
veins/modules/application/traci/TraCIDemo11p.cc
veins/modules/application/traci/TraCIDemoRSU11p.cc
veins/modules/mobility/traci/TraCICommandInterface.cc
veins/modules/mobility/traci/TraCIMobility.cc
veins/modules/mobility/traci/TraCIScenarioManager.cc
veins/modules/mobility/traci/TraCIScenarioManagerForker.cc
veins/modules/mobility/traci/TraCIScenarioManagerLaunchd.cc
veins/modules/mobility/traci/TraCIScreenRecorder.cc
veins/modules/mobility/traci/TraCIVehicleInserter.cc
veins/modules/world/annotations/AnnotationManager.cc
veins/modules/world/traci/trafficLight/logics/TraCITrafficLightSimpleLogic.cc
veins/modules/world/traci/trafficLight/TraCITrafficLightInterface.cc
veins/visualizer/roads/RoadsCanvasVisualizer.cc
veins/visualizer/roads/RoadsOsgVisualizer.cc
veins/modules/mobility/traci/TraCICommandInterface.cc: In member function ‘void veins::TraCICommandInterface::Vehicle::setDecel(double)’:
veins/modules/mobility/traci/TraCICommandInterface.cc:145:26: error: ‘libsumo’ has not been declared
  145 |     uint8_t variableId = libsumo::VAR_DECEL;
      |                          ^~~~~~~
veins/modules/mobility/traci/TraCICommandInterface.cc:146:28: error: ‘libsumo’ has not been declared
  146 |     uint8_t variableType = libsumo::TYPE_DOUBLE;
      |                            ^~~~~~~
make[1]: *** [Makefile:284: ../out/gcc-release/src/veins/modules/mobility/traci/TraCICommandInterface.o] Error 1
make[1]: *** Waiting for unfinished jobs....
veins/modules/application/traci/TargetApp.cc: In member function ‘virtual void veins::TargetApp::onWSM(veins::BaseFrame1609_4*)’:
veins/modules/application/traci/TargetApp.cc:75:38: error: no matching function for call to ‘veins::TraCICommandInterface::Vehicle::setMaxSpeed()’
   75 |             traciVehicle->setMaxSpeed();
      |             ~~~~~~~~~~~~~~~~~~~~~~~~~^~
In file included from ./veins/modules/mobility/traci/TraCIMobility.h:33,
                 from ./veins/modules/application/ieee80211p/DemoBaseApplLayer.h:34,
                 from ./veins/modules/application/traci/TargetApp.h:27,
                 from veins/modules/application/traci/TargetApp.cc:1:
./veins/modules/mobility/traci/TraCICommandInterface.h:142:14: note: candidate: ‘void veins::TraCICommandInterface::Vehicle::setMaxSpeed(double)’
  142 |         void setMaxSpeed(double speed);
      |              ^~~~~~~~~~~
./veins/modules/mobility/traci/TraCICommandInterface.h:142:14: note:   candidate expects 1 argument, 0 provided
make[1]: *** [Makefile:282: ../out/gcc-release/src/veins/modules/application/traci/TargetApp.o] Error 1
make[1]: Leaving directory '/home/suraj/Downloads/Simulation/veins-5.2/src'
make: *** [Makefile:36: all] Error 2
"make MODE=release -j22 all" terminated with exit code 2. Build might be incomplete.
13:25:26 **** Incremental Build of configuration gcc-release for project veins ****
make MODE=release -j22 all 
make[1]: Entering directory '/home/suraj/Downloads/Simulation/veins-5.2/src'
veins/modules/application/traci/TargetApp.cc
veins/modules/mobility/traci/TraCICommandInterface.cc
veins/modules/mobility/traci/TraCICommandInterface.cc: In member function ‘void veins::TraCICommandInterface::Vehicle::setDecel(double)’:
veins/modules/mobility/traci/TraCICommandInterface.cc:145:26: error: ‘libsumo’ has not been declared
  145 |     uint8_t variableId = libsumo::VAR_DECEL;
      |                          ^~~~~~~
veins/modules/mobility/traci/TraCICommandInterface.cc:146:28: error: ‘libsumo’ has not been declared
  146 |     uint8_t variableType = libsumo::TYPE_DOUBLE;
      |                            ^~~~~~~
make[1]: *** [Makefile:284: ../out/gcc-release/src/veins/modules/mobility/traci/TraCICommandInterface.o] Error 1
make[1]: *** Waiting for unfinished jobs....
make[1]: Leaving directory '/home/suraj/Downloads/Simulation/veins-5.2/src'
make: *** [Makefile:36: all] Error 2
"make MODE=release -j22 all" terminated with exit code 2. Build might be incomplete.
13:26:48 **** Incremental Build of configuration gcc-release for project veins ****
make MODE=release -j22 all 
make[1]: Entering directory '/home/suraj/Downloads/Simulation/veins-5.2/src'
veins/modules/mobility/traci/TraCICommandInterface.cc
Creating shared library: ../out/gcc-release/src/libveins.so
make[1]: Leaving directory '/home/suraj/Downloads/Simulation/veins-5.2/src'
13:29:27 **** Incremental Build of configuration gcc-release for project veins ****
make MODE=release -j22 all 
make[1]: Entering directory '/home/suraj/Downloads/Simulation/veins-5.2/src'
veins/modules/application/traci/TargetApp.cc
Creating shared library: ../out/gcc-release/src/libveins.so
make[1]: Leaving directory '/home/suraj/Downloads/Simulation/veins-5.2/src'
13:31:44 **** Incremental Build of configuration gcc-release for project veins ****
make MODE=release -j22 all 
make[1]: Entering directory '/home/suraj/Downloads/Simulation/veins-5.2/src'
veins/modules/application/traci/TargetApp.cc
Creating shared library: ../out/gcc-release/src/libveins.so
make[1]: Leaving directory '/home/suraj/Downloads/Simulation/veins-5.2/src'
13:34:22 **** Incremental Build of configuration gcc-release for project veins ****
make MODE=release -j22 all 
make[1]: Entering directory '/home/suraj/Downloads/Simulation/veins-5.2/src'
veins/modules/application/traci/TargetApp.cc
Creating shared library: ../out/gcc-release/src/libveins.so
make[1]: Leaving directory '/home/suraj/Downloads/Simulation/veins-5.2/src'
13:38:05 **** Incremental Build of configuration gcc-release for project veins ****
make MODE=release -j22 all 
make[1]: Entering directory '/home/suraj/Downloads/Simulation/veins-5.2/src'
veins/modules/application/traci/TargetApp.cc
Creating shared library: ../out/gcc-release/src/libveins.so
make[1]: Leaving directory '/home/suraj/Downloads/Simulation/veins-5.2/src'
14:17:49 **** Incremental Build of configuration gcc-release for project veins ****
make MODE=release -j22 all 
make[1]: Entering directory '/home/suraj/Downloads/Simulation/veins-5.2/src'
veins/modules/application/DoS/AttackSim.cc
veins/modules/application/ieee80211p/DemoBaseApplLayer.cc
veins/modules/application/traci/AttackApp.cc
veins/modules/application/traci/DistanceMeasure.cc
veins/modules/application/traci/MyVeinsApp.cc
veins/modules/application/traci/TargetApp.cc
veins/modules/application/traci/TraCIDemo11p.cc
veins/modules/application/traci/TraCIDemoRSU11p.cc
veins/modules/mobility/traci/TraCICommandInterface.cc
veins/modules/mobility/traci/TraCIMobility.cc
veins/modules/mobility/traci/TraCIScenarioManager.cc
veins/modules/mobility/traci/TraCIScenarioManagerForker.cc
veins/modules/mobility/traci/TraCIScenarioManagerLaunchd.cc
veins/modules/mobility/traci/TraCIScreenRecorder.cc
veins/modules/mobility/traci/TraCIVehicleInserter.cc
veins/modules/world/annotations/AnnotationManager.cc
veins/modules/world/traci/trafficLight/TraCITrafficLightInterface.cc
veins/visualizer/roads/RoadsCanvasVisualizer.cc
veins/visualizer/roads/RoadsOsgVisualizer.cc
veins/modules/world/traci/trafficLight/logics/TraCITrafficLightSimpleLogic.cc
Creating shared library: ../out/gcc-release/src/libveins.so
make[1]: Leaving directory '/home/suraj/Downloads/Simulation/veins-5.2/src'
14:20:52 **** Incremental Build of configuration gcc-release for project veins ****
make MODE=release -j22 all 
make[1]: Entering directory '/home/suraj/Downloads/Simulation/veins-5.2/src'
veins/modules/application/traci/TargetApp.cc
Creating shared library: ../out/gcc-release/src/libveins.so
make[1]: Leaving directory '/home/suraj/Downloads/Simulation/veins-5.2/src'
14:22:56 **** Incremental Build of configuration gcc-release for project veins ****
make MODE=release -j22 all 
make[1]: Entering directory '/home/suraj/Downloads/Simulation/veins-5.2/src'
veins/modules/application/traci/TargetApp.cc
Creating shared library: ../out/gcc-release/src/libveins.so
make[1]: Leaving directory '/home/suraj/Downloads/Simulation/veins-5.2/src'
14:25:28 **** Incremental Build of configuration gcc-release for project veins ****
make MODE=release -j22 all 
make[1]: Entering directory '/home/suraj/Downloads/Simulation/veins-5.2/src'
veins/modules/application/traci/TargetApp.cc
Creating shared library: ../out/gcc-release/src/libveins.so
make[1]: Leaving directory '/home/suraj/Downloads/Simulation/veins-5.2/src'
14:28:21 **** Incremental Build of configuration gcc-release for project veins ****
make MODE=release -j22 all 
make[1]: Entering directory '/home/suraj/Downloads/Simulation/veins-5.2/src'
veins/modules/application/traci/TargetApp.cc
Creating shared library: ../out/gcc-release/src/libveins.so
make[1]: Leaving directory '/home/suraj/Downloads/Simulation/veins-5.2/src'
14:31:04 **** Incremental Build of configuration gcc-release for project veins ****
make MODE=release -j22 all 
make[1]: Entering directory '/home/suraj/Downloads/Simulation/veins-5.2/src'
veins/modules/application/traci/TargetApp.cc
Creating shared library: ../out/gcc-release/src/libveins.so
make[1]: Leaving directory '/home/suraj/Downloads/Simulation/veins-5.2/src'
14:33:41 **** Incremental Build of configuration gcc-release for project veins ****
make MODE=release -j22 all 
make[1]: Entering directory '/home/suraj/Downloads/Simulation/veins-5.2/src'
veins/modules/application/traci/TargetApp.cc
Creating shared library: ../out/gcc-release/src/libveins.so
make[1]: Leaving directory '/home/suraj/Downloads/Simulation/veins-5.2/src'
14:36:27 **** Incremental Build of configuration gcc-release for project veins ****
make MODE=release -j22 all 
make[1]: Entering directory '/home/suraj/Downloads/Simulation/veins-5.2/src'
veins/modules/application/traci/TargetApp.cc
Creating shared library: ../out/gcc-release/src/libveins.so
make[1]: Leaving directory '/home/suraj/Downloads/Simulation/veins-5.2/src'
14:39:05 **** Incremental Build of configuration gcc-release for project veins ****
make MODE=release -j22 all 
make[1]: Entering directory '/home/suraj/Downloads/Simulation/veins-5.2/src'
veins/modules/application/traci/TargetApp.cc
Creating shared library: ../out/gcc-release/src/libveins.so
make[1]: Leaving directory '/home/suraj/Downloads/Simulation/veins-5.2/src'
14:41:18 **** Incremental Build of configuration gcc-release for project veins ****
make MODE=release -j22 all 
make[1]: Entering directory '/home/suraj/Downloads/Simulation/veins-5.2/src'
veins/modules/application/traci/TargetApp.cc
Creating shared library: ../out/gcc-release/src/libveins.so
make[1]: Leaving directory '/home/suraj/Downloads/Simulation/veins-5.2/src'
14:43:01 **** Incremental Build of configuration gcc-release for project veins ****
make MODE=release -j22 all 
make[1]: Entering directory '/home/suraj/Downloads/Simulation/veins-5.2/src'
veins/modules/application/traci/AttackApp.cc
Creating shared library: ../out/gcc-release/src/libveins.so
make[1]: Leaving directory '/home/suraj/Downloads/Simulation/veins-5.2/src'
14:48:28 **** Incremental Build of configuration gcc-release for project veins ****
make MODE=release -j22 all 
make[1]: Entering directory '/home/suraj/Downloads/Simulation/veins-5.2/src'
make[1]: Nothing to be done for 'all'.
make[1]: Leaving directory '/home/suraj/Downloads/Simulation/veins-5.2/src'
20:30:39 **** Incremental Build of configuration gcc-release for project veins ****
make MODE=release -j22 all 
make[1]: Entering directory '/home/suraj/Downloads/Simulation/veins-5.2/src'
make[1]: Nothing to be done for 'all'.
make[1]: Leaving directory '/home/suraj/Downloads/Simulation/veins-5.2/src'
21:19:41 **** Build of configuration gcc-release for project veins ****
make MODE=release -j22 all 
make[1]: Entering directory '/home/suraj/Downloads/Simulation/veins-5.2/src'
make[1]: Nothing to be done for 'all'.
make[1]: Leaving directory '/home/suraj/Downloads/Simulation/veins-5.2/src'
21:22:42 **** Incremental Build of configuration gcc-release for project veins ****
make MODE=release -j22 all 
make[1]: Entering directory '/home/suraj/Downloads/Simulation/veins-5.2/src'
make[1]: Nothing to be done for 'all'.
make[1]: Leaving directory '/home/suraj/Downloads/Simulation/veins-5.2/src'
10:02:47 **** Incremental Build of configuration gcc-release for project veins ****
make MODE=release -j22 all 
make[1]: Entering directory '/home/suraj/Downloads/Simulation/veins-5.2/src'
make[1]: Nothing to be done for 'all'.
make[1]: Leaving directory '/home/suraj/Downloads/Simulation/veins-5.2/src'
